#
# There is insufficient memory for the Java Runtime Environment to continue.
# Native memory allocation (malloc) failed to allocate 109296 bytes for Chunk::new
# Possible reasons:
#   The system is out of physical RAM or swap space
#   In 32 bit mode, the process size limit was hit
# Possible solutions:
#   Reduce memory load on the system
#   Increase physical memory or swap space
#   Check if swap backing store is full
#   Use 64 bit Java on a 64 bit OS
#   Decrease Java heap size (-Xmx/-Xms)
#   Decrease number of Java threads
#   Decrease Java thread stack sizes (-Xss)
#   Set larger code cache with -XX:ReservedCodeCacheSize=
# This output file may be truncated or incomplete.
#
#  Out of Memory Error (allocation.cpp:390), pid=1768, tid=0x0000000000002ad0
#
# JRE version: Java(TM) SE Runtime Environment (8.0_151-b12) (build 1.8.0_151-b12)
# Java VM: Java HotSpot(TM) 64-Bit Server VM (25.151-b12 mixed mode windows-amd64 compressed oops)
# Failed to write core dump. Minidumps are not enabled by default on client versions of Windows
#

---------------  T H R E A D  ---------------

Current thread (0x0000000017316000):  JavaThread "C2 CompilerThread0" daemon [_thread_in_native, id=10960, stack(0x00000000183b0000,0x00000000184b0000)]

Stack: [0x00000000183b0000,0x00000000184b0000]
[error occurred during error reporting (printing stack bounds), id 0xc0000005]

Native frames: (J=compiled Java code, j=interpreted, Vv=VM code, C=native code)


Current CompileTask:
C2:   2170  751       4       jdk.internal.org.objectweb.asm.ClassWriter::newUTF8 (70 bytes)


---------------  P R O C E S S  ---------------

Java Threads: ( => current thread )
  0x00000000192b6800 JavaThread "Thread-3" daemon [_thread_in_native, id=1252, stack(0x000000001e960000,0x000000001ea60000)]
  0x00000000192a7800 JavaThread "JavaFX-Launcher" [_thread_blocked, id=8452, stack(0x000000001ea60000,0x000000001eb60000)]
  0x00000000188ac800 JavaThread "JavaFX Application Thread" [_thread_in_Java, id=9992, stack(0x0000000019d20000,0x0000000019e20000)]
  0x0000000018894800 JavaThread "Thread-1" daemon [_thread_blocked, id=8404, stack(0x0000000019b20000,0x0000000019c20000)]
  0x0000000018870800 JavaThread "QuantumRenderer-0" daemon [_thread_blocked, id=14588, stack(0x0000000018c90000,0x0000000018d90000)]
  0x000000001850a800 JavaThread "Service Thread" daemon [_thread_blocked, id=15744, stack(0x00000000189b0000,0x0000000018ab0000)]
  0x000000001731d800 JavaThread "C1 CompilerThread1" daemon [_thread_in_native_trans, id=10524, stack(0x00000000188b0000,0x00000000189b0000)]
=>0x0000000017316000 JavaThread "C2 CompilerThread0" daemon [_thread_in_native, id=10960, stack(0x00000000183b0000,0x00000000184b0000)]
  0x00000000172ac800 JavaThread "Monitor Ctrl-Break" daemon [_thread_in_native, id=13616, stack(0x00000000182b0000,0x00000000183b0000)]
  0x0000000017279000 JavaThread "Attach Listener" daemon [_thread_blocked, id=12908, stack(0x00000000181b0000,0x00000000182b0000)]
  0x0000000002dbe800 JavaThread "Signal Dispatcher" daemon [_thread_blocked, id=14784, stack(0x00000000180b0000,0x00000000181b0000)]
  0x0000000017268800 JavaThread "Finalizer" daemon [_thread_blocked, id=5892, stack(0x0000000017ec0000,0x0000000017fc0000)]
  0x0000000002dae000 JavaThread "Reference Handler" daemon [_thread_blocked, id=16064, stack(0x0000000017dc0000,0x0000000017ec0000)]
  0x0000000002cc2800 JavaThread "main" [_thread_blocked, id=9096, stack(0x0000000002a80000,0x0000000002b80000)]

Other Threads:
  0x0000000017246800 VMThread [stack: 0x0000000017cc0000,0x0000000017dc0000] [id=16036]
  0x0000000018548800 WatcherThread [stack: 0x0000000018ab0000,0x0000000018bb0000] [id=15624]

VM state:not at safepoint (normal execution)

VM Mutex/Monitor currently owned by a thread: None

Heap:
 PSYoungGen      total 35840K, used 21938K [0x00000000d8400000, 0x00000000dac00000, 0x0000000100000000)
  eden space 30720K, 71% used [0x00000000d8400000,0x00000000d996c8f8,0x00000000da200000)
  from space 5120K, 0% used [0x00000000da700000,0x00000000da700000,0x00000000dac00000)
  to   space 5120K, 0% used [0x00000000da200000,0x00000000da200000,0x00000000da700000)
 ParOldGen       total 81920K, used 0K [0x0000000088c00000, 0x000000008dc00000, 0x00000000d8400000)
  object space 81920K, 0% used [0x0000000088c00000,0x0000000088c00000,0x000000008dc00000)
 Metaspace       used 9651K, capacity 10046K, committed 10368K, reserved 1058816K
  class space    used 1155K, capacity 1307K, committed 1408K, reserved 1048576K

Card table byte_map: [0x0000000012180000,0x0000000012540000] byte_map_base: 0x0000000011d3a000

Marking Bits: (ParMarkBitMap*) 0x0000000051ddd850
 Begin Bits: [0x00000000129c0000, 0x0000000014790000)
 End Bits:   [0x0000000014790000, 0x0000000016560000)

Polling page: 0x00000000009f0000

CodeCache: size=245760Kb used=2858Kb max_used=2864Kb free=242901Kb
 bounds [0x0000000002dc0000, 0x0000000003090000, 0x0000000011dc0000]
 total_blobs=1113 nmethods=755 adapters=272
 compilation: enabled

Compilation events (10 events):
Event: 2.146 Thread 0x000000001731d800 nmethod 743 0x0000000003084690 code [0x0000000003084860, 0x0000000003085048]
Event: 2.147 Thread 0x000000001731d800  745       3       java.util.Arrays::copyOf (13 bytes)
Event: 2.147 Thread 0x000000001731d800 nmethod 745 0x00000000030886d0 code [0x0000000003088840, 0x0000000003088a48]
Event: 2.150 Thread 0x0000000017316000 nmethod 739 0x0000000003087850 code [0x00000000030879c0, 0x0000000003087e98]
Event: 2.150 Thread 0x0000000017316000  748       4       java.lang.String::substring (79 bytes)
Event: 2.150 Thread 0x000000001731d800  749       3       java.lang.invoke.LambdaForm$Name::lastUseIndex (36 bytes)
Event: 2.150 Thread 0x000000001731d800 nmethod 749 0x000000000308ba50 code [0x000000000308bbc0, 0x000000000308be70]
Event: 2.155 Thread 0x0000000017316000 nmethod 748 0x0000000003089d10 code [0x0000000003089e80, 0x000000000308a238]
Event: 2.164 Thread 0x0000000017316000  751       4       jdk.internal.org.objectweb.asm.ClassWriter::newUTF8 (70 bytes)
Event: 2.167 Thread 0x000000001731d800  754       3       java.lang.invoke.BoundMethodHandle::<init> (32 bytes)

GC Heap History (0 events):
No events

Deoptimization events (3 events):
Event: 0.652 Thread 0x0000000002cc2800 Uncommon trap: reason=null_check action=make_not_entrant pc=0x0000000002edf270 method=java.lang.String.equals(Ljava/lang/Object;)Z @ 8
Event: 1.356 Thread 0x00000000188ac800 Uncommon trap: reason=unstable_if action=reinterpret pc=0x0000000002f7e6a4 method=java.lang.String.replace(CC)Ljava/lang/String; @ 26
Event: 1.472 Thread 0x00000000188ac800 Uncommon trap: reason=unstable_if action=reinterpret pc=0x0000000002faa6d8 method=java.lang.String.indexOf([CII[CIII)I @ 134

Internal exceptions (10 events):
Event: 0.058 Thread 0x0000000002cc2800 Exception <a 'java/lang/NoSuchMethodError': Method sun.misc.Unsafe.defineClass(Ljava/lang/String;[BII)Ljava/lang/Class; name or signature does not match> (0x00000000d8407ca8) thrown at [C:\re\workspace\8-2-build-windows-amd64-cygwin\jdk8u151\9699\hotspot\
Event: 0.058 Thread 0x0000000002cc2800 Exception <a 'java/lang/NoSuchMethodError': Method sun.misc.Unsafe.prefetchRead(Ljava/lang/Object;J)V name or signature does not match> (0x00000000d8407f90) thrown at [C:\re\workspace\8-2-build-windows-amd64-cygwin\jdk8u151\9699\hotspot\src\share\vm\prims
Event: 0.540 Thread 0x0000000002cc2800 Exception <a 'java/lang/NoSuchFieldError': method resolution failed> (0x00000000d87f6220) thrown at [C:\re\workspace\8-2-build-windows-amd64-cygwin\jdk8u151\9699\hotspot\src\share\vm\prims\methodHandles.cpp, line 1146]
Event: 0.553 Thread 0x0000000002cc2800 Exception <a 'java/lang/NoSuchFieldError': method resolution failed> (0x00000000d8803e40) thrown at [C:\re\workspace\8-2-build-windows-amd64-cygwin\jdk8u151\9699\hotspot\src\share\vm\prims\methodHandles.cpp, line 1146]
Event: 0.601 Thread 0x0000000002cc2800 Exception <a 'java/security/PrivilegedActionException'> (0x00000000d88afb20) thrown at [C:\re\workspace\8-2-build-windows-amd64-cygwin\jdk8u151\9699\hotspot\src\share\vm\prims\jvm.cpp, line 1390]
Event: 0.601 Thread 0x0000000002cc2800 Exception <a 'java/security/PrivilegedActionException'> (0x00000000d88afd30) thrown at [C:\re\workspace\8-2-build-windows-amd64-cygwin\jdk8u151\9699\hotspot\src\share\vm\prims\jvm.cpp, line 1390]
Event: 0.602 Thread 0x0000000002cc2800 Exception <a 'java/security/PrivilegedActionException'> (0x00000000d88b3c40) thrown at [C:\re\workspace\8-2-build-windows-amd64-cygwin\jdk8u151\9699\hotspot\src\share\vm\prims\jvm.cpp, line 1390]
Event: 0.603 Thread 0x0000000002cc2800 Exception <a 'java/security/PrivilegedActionException'> (0x00000000d88b3e50) thrown at [C:\re\workspace\8-2-build-windows-amd64-cygwin\jdk8u151\9699\hotspot\src\share\vm\prims\jvm.cpp, line 1390]
Event: 0.603 Thread 0x0000000002cc2800 Exception <a 'java/lang/NullPointerException'> (0x00000000d88b4858) thrown at [C:\re\workspace\8-2-build-windows-amd64-cygwin\jdk8u151\9699\hotspot\src\share\vm\interpreter\linkResolver.cpp, line 1183]
Event: 0.652 Thread 0x0000000002cc2800 Implicit null exception at 0x0000000002edf095 to 0x0000000002edf261

Events (10 events):
Event: 2.138 loading class jdk/nashorn/internal/codegen/ObjectClassGenerator
Event: 2.138 loading class jdk/nashorn/internal/codegen/ObjectClassGenerator done
Event: 2.140 loading class jdk/nashorn/internal/codegen/ClassEmitter$Flag
Event: 2.140 loading class jdk/nashorn/internal/codegen/ClassEmitter$Flag done
Event: 2.151 loading class sun/invoke/util/ValueConversions$WrapperCache
Event: 2.163 loading class sun/invoke/util/ValueConversions$WrapperCache done
Event: 2.163 loading class java/util/EnumMap
Event: 2.163 loading class java/util/EnumMap done
Event: 2.163 loading class java/util/EnumMap$1
Event: 2.163 loading class java/util/EnumMap$1 done


Dynamic libraries:
0x00007ff626260000 - 0x00007ff626297000 	C:\Program Files\Java\jdk1.8.0_151\bin\java.exe
0x00007ffe37fd0000 - 0x00007ffe381b1000 	C:\WINDOWS\SYSTEM32\ntdll.dll
0x00007ffe36fb0000 - 0x00007ffe37062000 	C:\WINDOWS\System32\KERNEL32.DLL
0x00007ffe35170000 - 0x00007ffe353e3000 	C:\WINDOWS\System32\KERNELBASE.dll
0x00007ffe37380000 - 0x00007ffe37421000 	C:\WINDOWS\System32\ADVAPI32.dll
0x00007ffe36ee0000 - 0x00007ffe36f7e000 	C:\WINDOWS\System32\msvcrt.dll
0x00007ffe37a50000 - 0x00007ffe37aab000 	C:\WINDOWS\System32\sechost.dll
0x00007ffe37e70000 - 0x00007ffe37f94000 	C:\WINDOWS\System32\RPCRT4.dll
0x00007ffe35560000 - 0x00007ffe356f0000 	C:\WINDOWS\System32\USER32.dll
0x00007ffe35440000 - 0x00007ffe35460000 	C:\WINDOWS\System32\win32u.dll
0x00007ffe37940000 - 0x00007ffe37968000 	C:\WINDOWS\System32\GDI32.dll
0x00007ffe34d00000 - 0x00007ffe34e92000 	C:\WINDOWS\System32\gdi32full.dll
0x00007ffe350d0000 - 0x00007ffe3516f000 	C:\WINDOWS\System32\msvcp_win.dll
0x00007ffe34fd0000 - 0x00007ffe350ca000 	C:\WINDOWS\System32\ucrtbase.dll
0x00007ffe26240000 - 0x00007ffe264a9000 	C:\WINDOWS\WinSxS\amd64_microsoft.windows.common-controls_6595b64144ccf1df_6.0.17134.407_none_fb449d63306391e9\COMCTL32.dll
0x00007ffe356f0000 - 0x00007ffe35a12000 	C:\WINDOWS\System32\combase.dll
0x00007ffe34f50000 - 0x00007ffe34fca000 	C:\WINDOWS\System32\bcryptPrimitives.dll
0x00007ffe36f80000 - 0x00007ffe36fad000 	C:\WINDOWS\System32\IMM32.DLL
0x0000000053d90000 - 0x0000000053e62000 	C:\Program Files\Java\jdk1.8.0_151\jre\bin\msvcr100.dll
0x00000000515c0000 - 0x0000000051e5d000 	C:\Program Files\Java\jdk1.8.0_151\jre\bin\server\jvm.dll
0x00007ffe37970000 - 0x00007ffe37978000 	C:\WINDOWS\System32\PSAPI.DLL
0x00007ffe311c0000 - 0x00007ffe311c9000 	C:\WINDOWS\SYSTEM32\WSOCK32.dll
0x00007ffe37190000 - 0x00007ffe371fc000 	C:\WINDOWS\System32\WS2_32.dll
0x00007ffe30af0000 - 0x00007ffe30b13000 	C:\WINDOWS\SYSTEM32\WINMM.dll
0x00007ffe2f210000 - 0x00007ffe2f21a000 	C:\WINDOWS\SYSTEM32\VERSION.dll
0x00007ffe30ac0000 - 0x00007ffe30aea000 	C:\WINDOWS\SYSTEM32\WINMMBASE.dll
0x00007ffe353f0000 - 0x00007ffe35439000 	C:\WINDOWS\System32\cfgmgr32.dll
0x0000000053d80000 - 0x0000000053d8f000 	C:\Program Files\Java\jdk1.8.0_151\jre\bin\verify.dll
0x0000000053d50000 - 0x0000000053d79000 	C:\Program Files\Java\jdk1.8.0_151\jre\bin\java.dll
0x0000000053c30000 - 0x0000000053c53000 	C:\Program Files\Java\jdk1.8.0_151\jre\bin\instrument.dll
0x0000000053c10000 - 0x0000000053c26000 	C:\Program Files\Java\jdk1.8.0_151\jre\bin\zip.dll
0x00007ffe35aa0000 - 0x00007ffe36edf000 	C:\WINDOWS\System32\SHELL32.dll
0x00007ffe370e0000 - 0x00007ffe37189000 	C:\WINDOWS\System32\shcore.dll
0x00007ffe34400000 - 0x00007ffe34b0d000 	C:\WINDOWS\System32\windows.storage.dll
0x00007ffe37e10000 - 0x00007ffe37e61000 	C:\WINDOWS\System32\shlwapi.dll
0x00007ffe34350000 - 0x00007ffe34361000 	C:\WINDOWS\System32\kernel.appcore.dll
0x00007ffe34330000 - 0x00007ffe3434f000 	C:\WINDOWS\System32\profapi.dll
0x00007ffe342e0000 - 0x00007ffe3432c000 	C:\WINDOWS\System32\powrprof.dll
0x00007ffe34370000 - 0x00007ffe3437a000 	C:\WINDOWS\System32\FLTLIB.DLL
0x00007ffe2b3b0000 - 0x00007ffe2b3ca000 	C:\Program Files\JetBrains\IntelliJ IDEA 2018.2.2\bin\breakgen64.dll
0x0000000053bf0000 - 0x0000000053c0a000 	C:\Program Files\Java\jdk1.8.0_151\jre\bin\net.dll
0x00007ffe33b60000 - 0x00007ffe33bc6000 	C:\WINDOWS\system32\mswsock.dll
0x00000000028f0000 - 0x00000000028f3000 	C:\Program Files\Java\jdk1.8.0_151\jre\bin\api-ms-win-core-console-l1-1-0.dll
0x0000000002900000 - 0x0000000002903000 	C:\Program Files\Java\jdk1.8.0_151\jre\bin\api-ms-win-core-datetime-l1-1-0.dll
0x0000000002910000 - 0x0000000002913000 	C:\Program Files\Java\jdk1.8.0_151\jre\bin\api-ms-win-core-debug-l1-1-0.dll
0x0000000002920000 - 0x0000000002923000 	C:\Program Files\Java\jdk1.8.0_151\jre\bin\api-ms-win-core-errorhandling-l1-1-0.dll
0x0000000002930000 - 0x0000000002934000 	C:\Program Files\Java\jdk1.8.0_151\jre\bin\api-ms-win-core-file-l1-1-0.dll
0x0000000002940000 - 0x0000000002943000 	C:\Program Files\Java\jdk1.8.0_151\jre\bin\api-ms-win-core-file-l1-2-0.dll
0x0000000002950000 - 0x0000000002953000 	C:\Program Files\Java\jdk1.8.0_151\jre\bin\api-ms-win-core-file-l2-1-0.dll
0x0000000002960000 - 0x0000000002963000 	C:\Program Files\Java\jdk1.8.0_151\jre\bin\api-ms-win-core-handle-l1-1-0.dll
0x0000000002970000 - 0x0000000002973000 	C:\Program Files\Java\jdk1.8.0_151\jre\bin\api-ms-win-core-heap-l1-1-0.dll
0x0000000002990000 - 0x0000000002993000 	C:\Program Files\Java\jdk1.8.0_151\jre\bin\api-ms-win-core-interlocked-l1-1-0.dll
0x00000000029a0000 - 0x00000000029a3000 	C:\Program Files\Java\jdk1.8.0_151\jre\bin\api-ms-win-core-libraryloader-l1-1-0.dll
0x00000000029b0000 - 0x00000000029b3000 	C:\Program Files\Java\jdk1.8.0_151\jre\bin\api-ms-win-core-localization-l1-2-0.dll
0x00000000029c0000 - 0x00000000029c3000 	C:\Program Files\Java\jdk1.8.0_151\jre\bin\api-ms-win-core-memory-l1-1-0.dll
0x00000000029d0000 - 0x00000000029d3000 	C:\Program Files\Java\jdk1.8.0_151\jre\bin\api-ms-win-core-namedpipe-l1-1-0.dll
0x00000000029e0000 - 0x00000000029e3000 	C:\Program Files\Java\jdk1.8.0_151\jre\bin\api-ms-win-core-processenvironment-l1-1-0.dll
0x00000000029f0000 - 0x00000000029f3000 	C:\Program Files\Java\jdk1.8.0_151\jre\bin\api-ms-win-core-processthreads-l1-1-0.dll
0x0000000002a00000 - 0x0000000002a03000 	C:\Program Files\Java\jdk1.8.0_151\jre\bin\api-ms-win-core-processthreads-l1-1-1.dll
0x0000000002a10000 - 0x0000000002a13000 	C:\Program Files\Java\jdk1.8.0_151\jre\bin\api-ms-win-core-profile-l1-1-0.dll
0x0000000002a20000 - 0x0000000002a23000 	C:\Program Files\Java\jdk1.8.0_151\jre\bin\api-ms-win-core-rtlsupport-l1-1-0.dll
0x0000000002a30000 - 0x0000000002a33000 	C:\Program Files\Java\jdk1.8.0_151\jre\bin\api-ms-win-core-string-l1-1-0.dll
0x0000000002a40000 - 0x0000000002a43000 	C:\Program Files\Java\jdk1.8.0_151\jre\bin\api-ms-win-core-synch-l1-1-0.dll
0x0000000002a50000 - 0x0000000002a53000 	C:\Program Files\Java\jdk1.8.0_151\jre\bin\api-ms-win-core-synch-l1-2-0.dll
0x0000000002a60000 - 0x0000000002a63000 	C:\Program Files\Java\jdk1.8.0_151\jre\bin\api-ms-win-core-sysinfo-l1-1-0.dll
0x0000000002c80000 - 0x0000000002c83000 	C:\Program Files\Java\jdk1.8.0_151\jre\bin\api-ms-win-core-timezone-l1-1-0.dll
0x0000000002c90000 - 0x0000000002c93000 	C:\Program Files\Java\jdk1.8.0_151\jre\bin\api-ms-win-core-util-l1-1-0.dll
0x0000000002ca0000 - 0x0000000002ca3000 	C:\Program Files\Java\jdk1.8.0_151\jre\bin\api-ms-win-crt-conio-l1-1-0.dll
0x0000000018bb0000 - 0x0000000018bb4000 	C:\Program Files\Java\jdk1.8.0_151\jre\bin\api-ms-win-crt-convert-l1-1-0.dll
0x0000000018bc0000 - 0x0000000018bc3000 	C:\Program Files\Java\jdk1.8.0_151\jre\bin\api-ms-win-crt-environment-l1-1-0.dll
0x0000000018bd0000 - 0x0000000018bd3000 	C:\Program Files\Java\jdk1.8.0_151\jre\bin\api-ms-win-crt-filesystem-l1-1-0.dll
0x0000000018be0000 - 0x0000000018be3000 	C:\Program Files\Java\jdk1.8.0_151\jre\bin\api-ms-win-crt-heap-l1-1-0.dll
0x0000000018bf0000 - 0x0000000018bf3000 	C:\Program Files\Java\jdk1.8.0_151\jre\bin\api-ms-win-crt-locale-l1-1-0.dll
0x0000000018c00000 - 0x0000000018c05000 	C:\Program Files\Java\jdk1.8.0_151\jre\bin\api-ms-win-crt-math-l1-1-0.dll
0x0000000018c10000 - 0x0000000018c15000 	C:\Program Files\Java\jdk1.8.0_151\jre\bin\api-ms-win-crt-multibyte-l1-1-0.dll
0x0000000018c20000 - 0x0000000018c30000 	C:\Program Files\Java\jdk1.8.0_151\jre\bin\api-ms-win-crt-private-l1-1-0.dll
0x0000000018c30000 - 0x0000000018c33000 	C:\Program Files\Java\jdk1.8.0_151\jre\bin\api-ms-win-crt-process-l1-1-0.dll
0x0000000018c40000 - 0x0000000018c44000 	C:\Program Files\Java\jdk1.8.0_151\jre\bin\api-ms-win-crt-runtime-l1-1-0.dll
0x0000000018c50000 - 0x0000000018c54000 	C:\Program Files\Java\jdk1.8.0_151\jre\bin\api-ms-win-crt-stdio-l1-1-0.dll
0x0000000018c60000 - 0x0000000018c64000 	C:\Program Files\Java\jdk1.8.0_151\jre\bin\api-ms-win-crt-string-l1-1-0.dll
0x0000000018c70000 - 0x0000000018c73000 	C:\Program Files\Java\jdk1.8.0_151\jre\bin\api-ms-win-crt-time-l1-1-0.dll
0x0000000018c80000 - 0x0000000018c83000 	C:\Program Files\Java\jdk1.8.0_151\jre\bin\api-ms-win-crt-utility-l1-1-0.dll
0x00007ffe1b3d0000 - 0x00007ffe1b4c6000 	C:\Program Files\Java\jdk1.8.0_151\jre\bin\ucrtbase.dll
0x00007ffe22ab0000 - 0x00007ffe22b01000 	C:\Program Files\Java\jdk1.8.0_151\jre\bin\concrt140.dll
0x00007ffe26ff0000 - 0x00007ffe27097000 	C:\WINDOWS\SYSTEM32\MSVCP140.dll
0x00007ffe26fd0000 - 0x00007ffe26fe6000 	C:\WINDOWS\SYSTEM32\VCRUNTIME140.dll
0x00007ffe2b390000 - 0x00007ffe2b3a6000 	C:\Program Files\Java\jdk1.8.0_151\jre\bin\vcruntime140.dll
0x00007ffe22980000 - 0x00007ffe22a1c000 	C:\Program Files\Java\jdk1.8.0_151\jre\bin\msvcp140.dll
0x0000000053bc0000 - 0x0000000053be3000 	C:\Program Files\Java\jdk1.8.0_151\jre\bin\prism_d3d.dll
0x00007ffe125e0000 - 0x00007ffe12777000 	C:\WINDOWS\system32\d3d9.dll
0x00007ffe32a70000 - 0x00007ffe32a99000 	C:\WINDOWS\SYSTEM32\dwmapi.dll
0x00007ffe327e0000 - 0x00007ffe32878000 	C:\WINDOWS\system32\uxtheme.dll
0x00007ffe2f220000 - 0x00007ffe2f3b6000 	C:\WINDOWS\System32\DriverStore\FileRepository\c0318093.inf_amd64_07df10acdd8f395b\aticfx64.dll
0x00007ffe22cd0000 - 0x00007ffe22d02000 	C:\WINDOWS\System32\DriverStore\FileRepository\c0318093.inf_amd64_07df10acdd8f395b\atiu9p64.dll
0x00007ffe0cf90000 - 0x00007ffe0d8c6000 	C:\WINDOWS\System32\DriverStore\FileRepository\c0318093.inf_amd64_07df10acdd8f395b\atiumd64.dll
0x00007ffe37ab0000 - 0x00007ffe37c01000 	C:\WINDOWS\System32\ole32.dll
0x00000000526b0000 - 0x00000000534d7000 	C:\WINDOWS\System32\DriverStore\FileRepository\c0318093.inf_amd64_07df10acdd8f395b\atiumd6a.dll
0x00007ffe2e390000 - 0x00007ffe2e3b9000 	C:\WINDOWS\SYSTEM32\amdihk64.dll
0x0000000053b70000 - 0x0000000053bb9000 	C:\Program Files\Java\jdk1.8.0_151\jre\bin\glass.dll
0x00007ffe35470000 - 0x00007ffe3555d000 	C:\WINDOWS\System32\COMDLG32.dll
0x00007ffe37980000 - 0x00007ffe37a42000 	C:\WINDOWS\System32\OLEAUT32.dll
0x00007ffe37200000 - 0x00007ffe37373000 	C:\WINDOWS\System32\MSCTF.dll

VM Arguments:
jvm_args: -javaagent:C:\Program Files\JetBrains\IntelliJ IDEA 2018.2.2\lib\idea_rt.jar=56962:C:\Program Files\JetBrains\IntelliJ IDEA 2018.2.2\bin -Dfile.encoding=UTF-8 
java_command: sample.Main
java_class_path (initial): C:\Program Files\Java\jdk1.8.0_151\jre\lib\charsets.jar;C:\Program Files\Java\jdk1.8.0_151\jre\lib\deploy.jar;C:\Program Files\Java\jdk1.8.0_151\jre\lib\ext\access-bridge-64.jar;C:\Program Files\Java\jdk1.8.0_151\jre\lib\ext\cldrdata.jar;C:\Program Files\Java\jdk1.8.0_151\jre\lib\ext\dnsns.jar;C:\Program Files\Java\jdk1.8.0_151\jre\lib\ext\jaccess.jar;C:\Program Files\Java\jdk1.8.0_151\jre\lib\ext\jfxrt.jar;C:\Program Files\Java\jdk1.8.0_151\jre\lib\ext\localedata.jar;C:\Program Files\Java\jdk1.8.0_151\jre\lib\ext\nashorn.jar;C:\Program Files\Java\jdk1.8.0_151\jre\lib\ext\sunec.jar;C:\Program Files\Java\jdk1.8.0_151\jre\lib\ext\sunjce_provider.jar;C:\Program Files\Java\jdk1.8.0_151\jre\lib\ext\sunmscapi.jar;C:\Program Files\Java\jdk1.8.0_151\jre\lib\ext\sunpkcs11.jar;C:\Program Files\Java\jdk1.8.0_151\jre\lib\ext\zipfs.jar;C:\Program Files\Java\jdk1.8.0_151\jre\lib\javaws.jar;C:\Program Files\Java\jdk1.8.0_151\jre\lib\jce.jar;C:\Program Files\Java\jdk1.8.0_151\jre\lib\jfr.jar;C:\Program Files\Java\jdk1.8.0_151\jre\lib\jfxswt.jar;C:\Program Files\Java\jdk1.8.0_151\jre\lib\jsse.jar;C:\Program Files\Java\jdk1.8.0_151\jre\lib\management-agent.jar;C:\Program Files\Java\jdk1.8.0_151\jre\lib\plugin.jar;C:\Program Files\Java\jdk1.8.0_151\jre\lib\resources.jar;C:\Program Files\Java\jdk1.8.0_151\jre\lib\rt.jar;C:\Users\zecha\IdeaProjects\JavaFxInterface\out\production\FXMLExample;C:\Program Files\JetBrains\IntelliJ IDEA 2018.2.2\lib\idea_rt.jar
Launcher Type: SUN_STANDARD

Environment Variables:
PATH=C:\Program Files (x86)\Common Files\Oracle\Java\javapath;C:\ProgramData\Oracle\Java\javapath;C:\WINDOWS\system32;C:\WINDOWS;C:\WINDOWS\System32\Wbem;C:\WINDOWS\System32\WindowsPowerShell\v1.0\;C:\Program Files (x86)\GtkSharp\2.12\bin;C:\WINDOWS\System32\OpenSSH\;C:\Program Files\Git\cmd;C:\Users\zecha\AppData\Local\Microsoft\WindowsApps;%DASHLANE_DLL_DIR%;
USERNAME=zecha
OS=Windows_NT
PROCESSOR_IDENTIFIER=AMD64 Family 21 Model 112 Stepping 0, AuthenticAMD



---------------  S Y S T E M  ---------------

OS: Windows 10.0 , 64 bit Build 17134 (10.0.17134.1)

CPU:total 2 (initial active 2) (2 cores per cpu, 1 threads per core) family 21 model 112 stepping 0, cmov, cx8, fxsr, mmx, sse, sse2, sse3, ssse3, sse4.1, sse4.2, popcnt, avx, avx2, aes, clmul, mmxext, 3dnowpref, lzcnt, sse4a, tsc, tscinvbit, tscinv, bmi1

Memory: 4k page, physical 7811340k(3436196k free), swap 31928588k(3224k free)

vm_info: Java HotSpot(TM) 64-Bit Server VM (25.151-b12) for windows-amd64 JRE (1.8.0_151-b12), built on Sep  5 2017 19:33:46 by "java_re" with MS VC++ 10.0 (VS2010)

time: Sat Dec 08 21:31:45 2018
elapsed time: 2 seconds (0d 0h 0m 2s)

